[2020-10-27 10:47:25.292] [exthost] [info] extension host started
[2020-10-27 10:47:25.323] [exthost] [info] ExtensionService#_doActivateExtension vscode.microsoft-authentication {"startup":false,"extensionId":{"value":"vscode.microsoft-authentication","_lower":"vscode.microsoft-authentication"},"activationEvent":"onAuthenticationRequest:microsoft"}
[2020-10-27 10:47:25.323] [exthost] [info] ExtensionService#loadCommonJSModule file:///snap/code/48/usr/share/code/resources/app/extensions/microsoft-authentication/dist/extension.js
[2020-10-27 10:47:25.331] [exthost] [info] ExtensionService#_doActivateExtension ms-vscode.js-debug {"startup":false,"extensionId":{"value":"ms-vscode.js-debug","_lower":"ms-vscode.js-debug"},"activationEvent":"onDebugDynamicConfigurations"}
[2020-10-27 10:47:25.331] [exthost] [info] ExtensionService#loadCommonJSModule file:///snap/code/48/usr/share/code/resources/app/extensions/ms-vscode.js-debug/src/extension.js
[2020-10-27 10:47:25.431] [exthost] [info] ExtensionService#_doActivateExtension vscode.debug-auto-launch {"startup":true,"extensionId":{"value":"vscode.debug-auto-launch","_lower":"vscode.debug-auto-launch"},"activationEvent":"*"}
[2020-10-27 10:47:25.431] [exthost] [info] ExtensionService#loadCommonJSModule file:///snap/code/48/usr/share/code/resources/app/extensions/debug-auto-launch/dist/extension
[2020-10-27 10:47:25.432] [exthost] [info] ExtensionService#_doActivateExtension vscode.emmet {"startup":true,"extensionId":{"value":"vscode.emmet","_lower":"vscode.emmet"},"activationEvent":"*"}
[2020-10-27 10:47:25.432] [exthost] [info] ExtensionService#loadCommonJSModule file:///snap/code/48/usr/share/code/resources/app/extensions/emmet/dist/node/emmetNodeMain
[2020-10-27 10:47:25.442] [exthost] [info] ExtensionService#_doActivateExtension vscode.git {"startup":true,"extensionId":{"value":"vscode.github","_lower":"vscode.github"},"activationEvent":"*"}
[2020-10-27 10:47:25.442] [exthost] [info] ExtensionService#loadCommonJSModule file:///snap/code/48/usr/share/code/resources/app/extensions/git/dist/main
[2020-10-27 10:47:25.454] [exthost] [info] ExtensionService#_doActivateExtension vscode.merge-conflict {"startup":true,"extensionId":{"value":"vscode.merge-conflict","_lower":"vscode.merge-conflict"},"activationEvent":"*"}
[2020-10-27 10:47:25.454] [exthost] [info] ExtensionService#loadCommonJSModule file:///snap/code/48/usr/share/code/resources/app/extensions/merge-conflict/dist/mergeConflictMain
[2020-10-27 10:47:25.456] [exthost] [info] ExtensionService#_doActivateExtension vscode.search-result {"startup":true,"extensionId":{"value":"vscode.search-result","_lower":"vscode.search-result"},"activationEvent":"*"}
[2020-10-27 10:47:25.456] [exthost] [info] ExtensionService#loadCommonJSModule file:///snap/code/48/usr/share/code/resources/app/extensions/search-result/dist/extension.js
[2020-10-27 10:47:25.515] [exthost] [info] ExtensionService#_doActivateExtension vscode.github {"startup":true,"extensionId":{"value":"vscode.github","_lower":"vscode.github"},"activationEvent":"*"}
[2020-10-27 10:47:25.515] [exthost] [info] ExtensionService#loadCommonJSModule file:///snap/code/48/usr/share/code/resources/app/extensions/github/dist/extension.js
[2020-10-27 10:47:25.537] [exthost] [info] eager extensions activated
[2020-10-27 10:47:25.539] [exthost] [info] ExtensionService#_doActivateExtension vscode.github-authentication {"startup":false,"extensionId":{"value":"vscode.github-authentication","_lower":"vscode.github-authentication"},"activationEvent":"onAuthenticationRequest:github"}
[2020-10-27 10:47:25.539] [exthost] [info] ExtensionService#loadCommonJSModule file:///snap/code/48/usr/share/code/resources/app/extensions/github-authentication/dist/extension.js
[2020-10-27 10:47:32.173] [exthost] [info] extension host started
[2020-10-27 10:47:32.207] [exthost] [info] ExtensionService#_doActivateExtension vscode.microsoft-authentication {"startup":false,"extensionId":{"value":"vscode.microsoft-authentication","_lower":"vscode.microsoft-authentication"},"activationEvent":"onAuthenticationRequest:microsoft"}
[2020-10-27 10:47:32.207] [exthost] [info] ExtensionService#loadCommonJSModule file:///snap/code/48/usr/share/code/resources/app/extensions/microsoft-authentication/dist/extension.js
[2020-10-27 10:47:32.214] [exthost] [info] ExtensionService#_doActivateExtension ms-vscode.js-debug {"startup":false,"extensionId":{"value":"ms-vscode.js-debug","_lower":"ms-vscode.js-debug"},"activationEvent":"onDebugDynamicConfigurations"}
[2020-10-27 10:47:32.214] [exthost] [info] ExtensionService#loadCommonJSModule file:///snap/code/48/usr/share/code/resources/app/extensions/ms-vscode.js-debug/src/extension.js
[2020-10-27 10:47:32.314] [exthost] [info] ExtensionService#_doActivateExtension vscode.debug-auto-launch {"startup":true,"extensionId":{"value":"vscode.debug-auto-launch","_lower":"vscode.debug-auto-launch"},"activationEvent":"*"}
[2020-10-27 10:47:32.314] [exthost] [info] ExtensionService#loadCommonJSModule file:///snap/code/48/usr/share/code/resources/app/extensions/debug-auto-launch/dist/extension
[2020-10-27 10:47:32.316] [exthost] [info] ExtensionService#_doActivateExtension vscode.emmet {"startup":true,"extensionId":{"value":"vscode.emmet","_lower":"vscode.emmet"},"activationEvent":"*"}
[2020-10-27 10:47:32.316] [exthost] [info] ExtensionService#loadCommonJSModule file:///snap/code/48/usr/share/code/resources/app/extensions/emmet/dist/node/emmetNodeMain
[2020-10-27 10:47:32.328] [exthost] [info] ExtensionService#_doActivateExtension vscode.git {"startup":true,"extensionId":{"value":"vscode.github","_lower":"vscode.github"},"activationEvent":"*"}
[2020-10-27 10:47:32.328] [exthost] [info] ExtensionService#loadCommonJSModule file:///snap/code/48/usr/share/code/resources/app/extensions/git/dist/main
[2020-10-27 10:47:32.341] [exthost] [info] ExtensionService#_doActivateExtension vscode.merge-conflict {"startup":true,"extensionId":{"value":"vscode.merge-conflict","_lower":"vscode.merge-conflict"},"activationEvent":"*"}
[2020-10-27 10:47:32.341] [exthost] [info] ExtensionService#loadCommonJSModule file:///snap/code/48/usr/share/code/resources/app/extensions/merge-conflict/dist/mergeConflictMain
[2020-10-27 10:47:32.343] [exthost] [info] ExtensionService#_doActivateExtension vscode.search-result {"startup":true,"extensionId":{"value":"vscode.search-result","_lower":"vscode.search-result"},"activationEvent":"*"}
[2020-10-27 10:47:32.343] [exthost] [info] ExtensionService#loadCommonJSModule file:///snap/code/48/usr/share/code/resources/app/extensions/search-result/dist/extension.js
[2020-10-27 10:47:32.404] [exthost] [info] ExtensionService#_doActivateExtension vscode.github {"startup":true,"extensionId":{"value":"vscode.github","_lower":"vscode.github"},"activationEvent":"*"}
[2020-10-27 10:47:32.405] [exthost] [info] ExtensionService#loadCommonJSModule file:///snap/code/48/usr/share/code/resources/app/extensions/github/dist/extension.js
[2020-10-27 10:47:32.441] [exthost] [info] eager extensions activated
[2020-10-27 10:47:32.491] [exthost] [info] ExtensionService#_doActivateExtension vscode.github-authentication {"startup":false,"extensionId":{"value":"vscode.github-authentication","_lower":"vscode.github-authentication"},"activationEvent":"onAuthenticationRequest:github"}
[2020-10-27 10:47:32.491] [exthost] [info] ExtensionService#loadCommonJSModule file:///snap/code/48/usr/share/code/resources/app/extensions/github-authentication/dist/extension.js
